# JRE version: Java(TM) SE Runtime Environment (18.0.1.1+2) (build 18.0.1.1+2-6)
# Java VM: Java HotSpot(TM) 64-Bit Server VM (18.0.1.1+2-6, mixed mode, sharing, tiered, compressed oops, compressed class ptrs, g1 gc, windows-amd64)
GC Precious Log:
 CardTable entry size: 512
 Card Set container configuration: InlinePtr #cards 4 size 8 Array Of Cards #cards 64 size 144 Howl #buckets 8 coarsen threshold 14745 Howl Bitmap #cards 2048 size 272 coarsen threshold 1843 Card regions per heap region 1 cards per card region 16384
 CPUs: 8 total, 8 available
 Memory: 7834M
 Large Page Support: Disabled
 NUMA Support: Disabled
 Compressed Oops: Enabled (Zero based)
 Heap Region Size: 8M
 Heap Min Capacity: 8M
 Heap Initial Capacity: 128M
 Heap Max Capacity: 10G
 Pre-touch: Disabled
 Parallel Workers: 8
 Concurrent Workers: 2
 Concurrent Refinement Workers: 8
 Periodic GC: Disabled
Heap:
 garbage-first heap   total 2555904K, used 1809058K [0x0000000580000000, 0x0000000800000000)
  region size 8192K, 4 young (32768K), 4 survivors (32768K)
 Metaspace       used 196K, committed 384K, reserved 1114112K
  class space    used 12K, committed 128K, reserved 1048576K
GC Heap History (20 events):
Event: 0.223 GC heap after
{Heap after GC invocations=11 (full 0):
 garbage-first heap   total 851968K, used 350956K [0x0000000580000000, 0x0000000800000000)
  region size 8192K, 2 young (16384K), 2 survivors (16384K)
 Metaspace       used 180K, committed 384K, reserved 1114112K
  class space    used 10K, committed 128K, reserved 1048576K
}
Event: 0.225 GC heap before
{Heap before GC invocations=11 (full 0):
 garbage-first heap   total 851968K, used 367340K [0x0000000580000000, 0x0000000800000000)
  region size 8192K, 5 young (40960K), 2 survivors (16384K)
 Metaspace       used 180K, committed 384K, reserved 1114112K
  class space    used 10K, committed 128K, reserved 1048576K
}
Event: 0.230 GC heap after
{Heap after GC invocations=12 (full 0):
 garbage-first heap   total 851968K, used 375479K [0x0000000580000000, 0x0000000800000000)
  region size 8192K, 1 young (8192K), 1 survivors (8192K)
 Metaspace       used 180K, committed 384K, reserved 1114112K
  class space    used 10K, committed 128K, reserved 1048576K
}
Event: 0.234 GC heap before
{Heap before GC invocations=12 (full 0):
 garbage-first heap   total 851968K, used 481975K [0x0000000580000000, 0x0000000800000000)
  region size 8192K, 15 young (122880K), 1 survivors (8192K)
 Metaspace       used 180K, committed 384K, reserved 1114112K
  class space    used 10K, committed 128K, reserved 1048576K
}
Event: 0.259 GC heap after
{Heap after GC invocations=13 (full 0):
 garbage-first heap   total 851968K, used 489932K [0x0000000580000000, 0x0000000800000000)
  region size 8192K, 2 young (16384K), 2 survivors (16384K)
 Metaspace       used 180K, committed 384K, reserved 1114112K
  class space    used 10K, committed 128K, reserved 1048576K
}
Event: 0.262 GC heap before
{Heap before GC invocations=13 (full 0):
 garbage-first heap   total 851968K, used 563660K [0x0000000580000000, 0x0000000800000000)
  region size 8192K, 11 young (90112K), 2 survivors (16384K)
 Metaspace       used 180K, committed 384K, reserved 1114112K
  class space    used 10K, committed 128K, reserved 1048576K
}
Event: 0.280 GC heap after
{Heap after GC invocations=14 (full 0):
 garbage-first heap   total 851968K, used 563660K [0x0000000580000000, 0x0000000800000000)
  region size 8192K, 2 young (16384K), 2 survivors (16384K)
 Metaspace       used 180K, committed 384K, reserved 1114112K
  class space    used 10K, committed 128K, reserved 1048576K
}
Event: 0.283 GC heap before
{Heap before GC invocations=14 (full 0):
 garbage-first heap   total 851968K, used 612812K [0x0000000580000000, 0x0000000800000000)
  region size 8192K, 8 young (65536K), 2 survivors (16384K)
 Metaspace       used 180K, committed 384K, reserved 1114112K
  class space    used 10K, committed 128K, reserved 1048576K
}
Event: 0.301 GC heap after
{Heap after GC invocations=15 (full 0):
 garbage-first heap   total 2555904K, used 612421K [0x0000000580000000, 0x0000000800000000)
  region size 8192K, 1 young (8192K), 1 survivors (8192K)
 Metaspace       used 180K, committed 384K, reserved 1114112K
  class space    used 10K, committed 128K, reserved 1048576K
}
Event: 0.709 GC heap before
{Heap before GC invocations=16 (full 0):
 garbage-first heap   total 2080768K, used 964677K [0x0000000580000000, 0x0000000800000000)
  region size 8192K, 33 young (270336K), 1 survivors (8192K)
 Metaspace       used 196K, committed 384K, reserved 1114112K
  class space    used 12K, committed 128K, reserved 1048576K
}
Event: 0.772 GC heap after
{Heap after GC invocations=17 (full 0):
 garbage-first heap   total 2080768K, used 973536K [0x0000000580000000, 0x0000000800000000)
  region size 8192K, 5 young (40960K), 5 survivors (40960K)
 Metaspace       used 196K, committed 384K, reserved 1114112K
  class space    used 12K, committed 128K, reserved 1048576K
}
Event: 0.820 GC heap before
{Heap before GC invocations=17 (full 0):
 garbage-first heap   total 2080768K, used 1030880K [0x0000000580000000, 0x0000000800000000)
  region size 8192K, 12 young (98304K), 5 survivors (40960K)
 Metaspace       used 196K, committed 384K, reserved 1114112K
  class space    used 12K, committed 128K, reserved 1048576K
}
Event: 0.850 GC heap after
{Heap after GC invocations=18 (full 0):
 garbage-first heap   total 2080768K, used 1034663K [0x0000000580000000, 0x0000000800000000)
  region size 8192K, 2 young (16384K), 2 survivors (16384K)
 Metaspace       used 196K, committed 384K, reserved 1114112K
  class space    used 12K, committed 128K, reserved 1048576K
}
Event: 1.134 GC heap before
{Heap before GC invocations=18 (full 0):
 garbage-first heap   total 2080768K, used 1280423K [0x0000000580000000, 0x0000000800000000)
  region size 8192K, 32 young (262144K), 2 survivors (16384K)
 Metaspace       used 196K, committed 384K, reserved 1114112K
  class space    used 12K, committed 128K, reserved 1048576K
}
Event: 1.238 GC heap after
{Heap after GC invocations=19 (full 0):
 garbage-first heap   total 2080768K, used 1288100K [0x0000000580000000, 0x0000000800000000)
  region size 8192K, 4 young (32768K), 4 survivors (32768K)
 Metaspace       used 196K, committed 384K, reserved 1114112K
  class space    used 12K, committed 128K, reserved 1048576K
}
Event: 1.515 GC heap before
{Heap before GC invocations=19 (full 0):
 garbage-first heap   total 2080768K, used 1460132K [0x0000000580000000, 0x0000000800000000)
  region size 8192K, 25 young (204800K), 4 survivors (32768K)
 Metaspace       used 196K, committed 384K, reserved 1114112K
  class space    used 12K, committed 128K, reserved 1048576K
}
Event: 1.598 GC heap after
{Heap after GC invocations=20 (full 0):
 garbage-first heap   total 2080768K, used 1478656K [0x0000000580000000, 0x0000000800000000)
  region size 8192K, 4 young (32768K), 4 survivors (32768K)
 Metaspace       used 196K, committed 384K, reserved 1114112K
  class space    used 12K, committed 128K, reserved 1048576K
}
Event: 1.925 GC heap before
{Heap before GC invocations=21 (full 0):
 garbage-first heap   total 2498560K, used 1593344K [0x0000000580000000, 0x0000000800000000)
  region size 8192K, 18 young (147456K), 4 survivors (32768K)
 Metaspace       used 196K, committed 384K, reserved 1114112K
  class space    used 12K, committed 128K, reserved 1048576K
}
Event: 1.994 GC heap after
{Heap after GC invocations=22 (full 0):
 garbage-first heap   total 2498560K, used 1609728K [0x0000000580000000, 0x0000000800000000)
  region size 8192K, 3 young (24576K), 3 survivors (24576K)
 Metaspace       used 196K, committed 384K, reserved 1114112K
  class space    used 12K, committed 128K, reserved 1048576K
}
Event: 2.299 GC heap before
{Heap before GC invocations=22 (full 0):
 garbage-first heap   total 2498560K, used 1798144K [0x0000000580000000, 0x0000000800000000)
  region size 8192K, 26 young (212992K), 3 survivors (24576K)
 Metaspace       used 196K, committed 384K, reserved 1114112K
  class space    used 12K, committed 128K, reserved 1048576K
}

