# JRE version: Java(TM) SE Runtime Environment (18.0.1.1+2) (build 18.0.1.1+2-6)
# Java VM: Java HotSpot(TM) 64-Bit Server VM (18.0.1.1+2-6, mixed mode, sharing, tiered, compressed oops, compressed class ptrs, g1 gc, windows-amd64)
GC Precious Log:
 CardTable entry size: 512
 Card Set container configuration: InlinePtr #cards 4 size 8 Array Of Cards #cards 64 size 144 Howl #buckets 8 coarsen threshold 14745 Howl Bitmap #cards 2048 size 272 coarsen threshold 1843 Card regions per heap region 1 cards per card region 16384
 CPUs: 8 total, 8 available
 Memory: 7834M
 Large Page Support: Disabled
 NUMA Support: Disabled
 Compressed Oops: Enabled (Zero based)
 Heap Region Size: 8M
 Heap Min Capacity: 8M
 Heap Initial Capacity: 128M
 Heap Max Capacity: 10G
 Pre-touch: Disabled
 Parallel Workers: 8
 Concurrent Workers: 2
 Concurrent Refinement Workers: 8
 Periodic GC: Disabled
Heap:
 garbage-first heap   total 2457600K, used 1271625K [0x0000000580000000, 0x0000000800000000)
  region size 8192K, 2 young (16384K), 2 survivors (16384K)
 Metaspace       used 180K, committed 384K, reserved 1114112K
  class space    used 8K, committed 128K, reserved 1048576K
GC Heap History (20 events):
Event: 0.184 GC heap after
{Heap after GC invocations=9 (full 0):
 garbage-first heap   total 1179648K, used 235980K [0x0000000580000000, 0x0000000800000000)
  region size 8192K, 1 young (8192K), 1 survivors (8192K)
 Metaspace       used 165K, committed 384K, reserved 1114112K
  class space    used 6K, committed 128K, reserved 1048576K
}
Event: 0.250 GC heap before
{Heap before GC invocations=10 (full 0):
 garbage-first heap   total 819200K, used 334284K [0x0000000580000000, 0x0000000800000000)
  region size 8192K, 14 young (114688K), 1 survivors (8192K)
 Metaspace       used 165K, committed 384K, reserved 1114112K
  class space    used 6K, committed 128K, reserved 1048576K
}
Event: 0.283 GC heap after
{Heap after GC invocations=11 (full 0):
 garbage-first heap   total 819200K, used 342452K [0x0000000580000000, 0x0000000800000000)
  region size 8192K, 2 young (16384K), 2 survivors (16384K)
 Metaspace       used 165K, committed 384K, reserved 1114112K
  class space    used 6K, committed 128K, reserved 1048576K
}
Event: 0.285 GC heap before
{Heap before GC invocations=11 (full 0):
 garbage-first heap   total 819200K, used 358836K [0x0000000580000000, 0x0000000800000000)
  region size 8192K, 5 young (40960K), 2 survivors (16384K)
 Metaspace       used 165K, committed 384K, reserved 1114112K
  class space    used 6K, committed 128K, reserved 1048576K
}
Event: 0.293 GC heap after
{Heap after GC invocations=12 (full 0):
 garbage-first heap   total 819200K, used 366935K [0x0000000580000000, 0x0000000800000000)
  region size 8192K, 1 young (8192K), 1 survivors (8192K)
 Metaspace       used 165K, committed 384K, reserved 1114112K
  class space    used 6K, committed 128K, reserved 1048576K
}
Event: 0.305 GC heap before
{Heap before GC invocations=12 (full 0):
 garbage-first heap   total 819200K, used 465239K [0x0000000580000000, 0x0000000800000000)
  region size 8192K, 14 young (114688K), 1 survivors (8192K)
 Metaspace       used 165K, committed 384K, reserved 1114112K
  class space    used 6K, committed 128K, reserved 1048576K
}
Event: 0.327 GC heap after
{Heap after GC invocations=13 (full 0):
 garbage-first heap   total 819200K, used 473079K [0x0000000580000000, 0x0000000800000000)
  region size 8192K, 2 young (16384K), 2 survivors (16384K)
 Metaspace       used 165K, committed 384K, reserved 1114112K
  class space    used 6K, committed 128K, reserved 1048576K
}
Event: 0.337 GC heap before
{Heap before GC invocations=13 (full 0):
 garbage-first heap   total 819200K, used 546807K [0x0000000580000000, 0x0000000800000000)
  region size 8192K, 11 young (90112K), 2 survivors (16384K)
 Metaspace       used 165K, committed 384K, reserved 1114112K
  class space    used 6K, committed 128K, reserved 1048576K
}
Event: 0.364 GC heap after
{Heap after GC invocations=14 (full 0):
 garbage-first heap   total 2457600K, used 546104K [0x0000000580000000, 0x0000000800000000)
  region size 8192K, 2 young (16384K), 2 survivors (16384K)
 Metaspace       used 165K, committed 384K, reserved 1114112K
  class space    used 6K, committed 128K, reserved 1048576K
}
Event: 0.472 GC heap before
{Heap before GC invocations=15 (full 0):
 garbage-first heap   total 1859584K, used 759096K [0x0000000580000000, 0x0000000800000000)
  region size 8192K, 28 young (229376K), 2 survivors (16384K)
 Metaspace       used 165K, committed 384K, reserved 1114112K
  class space    used 6K, committed 128K, reserved 1048576K
}
Event: 0.715 GC heap after
{Heap after GC invocations=16 (full 0):
 garbage-first heap   total 1859584K, used 758055K [0x0000000580000000, 0x0000000800000000)
  region size 8192K, 4 young (32768K), 4 survivors (32768K)
 Metaspace       used 165K, committed 384K, reserved 1114112K
  class space    used 6K, committed 128K, reserved 1048576K
}
Event: 1.038 GC heap before
{Heap before GC invocations=16 (full 0):
 garbage-first heap   total 1859584K, used 913703K [0x0000000580000000, 0x0000000800000000)
  region size 8192K, 11 young (90112K), 4 survivors (32768K)
 Metaspace       used 180K, committed 384K, reserved 1114112K
  class space    used 8K, committed 128K, reserved 1048576K
}
Event: 1.209 GC heap after
{Heap after GC invocations=17 (full 0):
 garbage-first heap   total 1859584K, used 912008K [0x0000000580000000, 0x0000000800000000)
  region size 8192K, 2 young (16384K), 2 survivors (16384K)
 Metaspace       used 180K, committed 384K, reserved 1114112K
  class space    used 8K, committed 128K, reserved 1048576K
}
Event: 1.317 GC heap before
{Heap before GC invocations=17 (full 0):
 garbage-first heap   total 1859584K, used 1026696K [0x0000000580000000, 0x0000000800000000)
  region size 8192K, 16 young (131072K), 2 survivors (16384K)
 Metaspace       used 180K, committed 384K, reserved 1114112K
  class space    used 8K, committed 128K, reserved 1048576K
}
Event: 1.776 GC heap after
{Heap after GC invocations=18 (full 0):
 garbage-first heap   total 1859584K, used 1027492K [0x0000000580000000, 0x0000000800000000)
  region size 8192K, 2 young (16384K), 2 survivors (16384K)
 Metaspace       used 180K, committed 384K, reserved 1114112K
  class space    used 8K, committed 128K, reserved 1048576K
}
Event: 1.881 GC heap before
{Heap before GC invocations=18 (full 0):
 garbage-first heap   total 1859584K, used 1101220K [0x0000000580000000, 0x0000000800000000)
  region size 8192K, 11 young (90112K), 2 survivors (16384K)
 Metaspace       used 180K, committed 384K, reserved 1114112K
  class space    used 8K, committed 128K, reserved 1048576K
}
Event: 1.926 GC heap after
{Heap after GC invocations=19 (full 0):
 garbage-first heap   total 1859584K, used 1108124K [0x0000000580000000, 0x0000000800000000)
  region size 8192K, 2 young (16384K), 2 survivors (16384K)
 Metaspace       used 180K, committed 384K, reserved 1114112K
  class space    used 8K, committed 128K, reserved 1048576K
}
Event: 2.028 GC heap before
{Heap before GC invocations=20 (full 0):
 garbage-first heap   total 1884160K, used 1181852K [0x0000000580000000, 0x0000000800000000)
  region size 8192K, 11 young (90112K), 2 survivors (16384K)
 Metaspace       used 180K, committed 384K, reserved 1114112K
  class space    used 8K, committed 128K, reserved 1048576K
}
Event: 2.067 GC heap after
{Heap after GC invocations=21 (full 0):
 garbage-first heap   total 1884160K, used 1189773K [0x0000000580000000, 0x0000000800000000)
  region size 8192K, 2 young (16384K), 2 survivors (16384K)
 Metaspace       used 180K, committed 384K, reserved 1114112K
  class space    used 8K, committed 128K, reserved 1048576K
}
Event: 2.138 GC heap before
{Heap before GC invocations=21 (full 0):
 garbage-first heap   total 1884160K, used 1263501K [0x0000000580000000, 0x0000000800000000)
  region size 8192K, 11 young (90112K), 2 survivors (16384K)
 Metaspace       used 180K, committed 384K, reserved 1114112K
  class space    used 8K, committed 128K, reserved 1048576K
}

