# JRE version: Java(TM) SE Runtime Environment (18.0.1.1+2) (build 18.0.1.1+2-6)
# Java VM: Java HotSpot(TM) 64-Bit Server VM (18.0.1.1+2-6, mixed mode, sharing, tiered, compressed oops, compressed class ptrs, g1 gc, windows-amd64)
GC Precious Log:
 CardTable entry size: 512
 Card Set container configuration: InlinePtr #cards 4 size 8 Array Of Cards #cards 64 size 144 Howl #buckets 8 coarsen threshold 14745 Howl Bitmap #cards 2048 size 272 coarsen threshold 1843 Card regions per heap region 1 cards per card region 16384
 CPUs: 8 total, 8 available
 Memory: 7834M
 Large Page Support: Disabled
 NUMA Support: Disabled
 Compressed Oops: Enabled (Zero based)
 Heap Region Size: 8M
 Heap Min Capacity: 8M
 Heap Initial Capacity: 128M
 Heap Max Capacity: 10G
 Pre-touch: Disabled
 Parallel Workers: 8
 Concurrent Workers: 2
 Concurrent Refinement Workers: 8
 Periodic GC: Disabled
Heap:
 garbage-first heap   total 2998272K, used 1728512K [0x0000000580000000, 0x0000000800000000)
  region size 8192K, 4 young (32768K), 4 survivors (32768K)
 Metaspace       used 175K, committed 384K, reserved 1114112K
  class space    used 8K, committed 128K, reserved 1048576K
GC Heap History (20 events):
Event: 0.142 GC heap after
{Heap after GC invocations=9 (full 0):
 garbage-first heap   total 1179648K, used 235980K [0x0000000580000000, 0x0000000800000000)
  region size 8192K, 1 young (8192K), 1 survivors (8192K)
 Metaspace       used 160K, committed 384K, reserved 1114112K
  class space    used 6K, committed 128K, reserved 1048576K
}
Event: 0.184 GC heap before
{Heap before GC invocations=10 (full 0):
 garbage-first heap   total 819200K, used 334284K [0x0000000580000000, 0x0000000800000000)
  region size 8192K, 14 young (114688K), 1 survivors (8192K)
 Metaspace       used 160K, committed 384K, reserved 1114112K
  class space    used 6K, committed 128K, reserved 1048576K
}
Event: 0.210 GC heap after
{Heap after GC invocations=11 (full 0):
 garbage-first heap   total 819200K, used 342452K [0x0000000580000000, 0x0000000800000000)
  region size 8192K, 2 young (16384K), 2 survivors (16384K)
 Metaspace       used 160K, committed 384K, reserved 1114112K
  class space    used 6K, committed 128K, reserved 1048576K
}
Event: 0.212 GC heap before
{Heap before GC invocations=11 (full 0):
 garbage-first heap   total 819200K, used 358836K [0x0000000580000000, 0x0000000800000000)
  region size 8192K, 5 young (40960K), 2 survivors (16384K)
 Metaspace       used 160K, committed 384K, reserved 1114112K
  class space    used 6K, committed 128K, reserved 1048576K
}
Event: 0.217 GC heap after
{Heap after GC invocations=12 (full 0):
 garbage-first heap   total 819200K, used 366935K [0x0000000580000000, 0x0000000800000000)
  region size 8192K, 1 young (8192K), 1 survivors (8192K)
 Metaspace       used 160K, committed 384K, reserved 1114112K
  class space    used 6K, committed 128K, reserved 1048576K
}
Event: 0.222 GC heap before
{Heap before GC invocations=12 (full 0):
 garbage-first heap   total 819200K, used 465239K [0x0000000580000000, 0x0000000800000000)
  region size 8192K, 14 young (114688K), 1 survivors (8192K)
 Metaspace       used 160K, committed 384K, reserved 1114112K
  class space    used 6K, committed 128K, reserved 1048576K
}
Event: 0.241 GC heap after
{Heap after GC invocations=13 (full 0):
 garbage-first heap   total 819200K, used 473079K [0x0000000580000000, 0x0000000800000000)
  region size 8192K, 2 young (16384K), 2 survivors (16384K)
 Metaspace       used 160K, committed 384K, reserved 1114112K
  class space    used 6K, committed 128K, reserved 1048576K
}
Event: 0.245 GC heap before
{Heap before GC invocations=13 (full 0):
 garbage-first heap   total 819200K, used 546807K [0x0000000580000000, 0x0000000800000000)
  region size 8192K, 11 young (90112K), 2 survivors (16384K)
 Metaspace       used 160K, committed 384K, reserved 1114112K
  class space    used 6K, committed 128K, reserved 1048576K
}
Event: 0.263 GC heap after
{Heap after GC invocations=14 (full 0):
 garbage-first heap   total 819200K, used 546104K [0x0000000580000000, 0x0000000800000000)
  region size 8192K, 2 young (16384K), 2 survivors (16384K)
 Metaspace       used 160K, committed 384K, reserved 1114112K
  class space    used 6K, committed 128K, reserved 1048576K
}
Event: 0.267 GC heap before
{Heap before GC invocations=14 (full 0):
 garbage-first heap   total 999424K, used 595256K [0x0000000580000000, 0x0000000800000000)
  region size 8192K, 8 young (65536K), 2 survivors (16384K)
 Metaspace       used 160K, committed 384K, reserved 1114112K
  class space    used 6K, committed 128K, reserved 1048576K
}
Event: 0.394 GC heap after
{Heap after GC invocations=15 (full 0):
 garbage-first heap   total 2998272K, used 595021K [0x0000000580000000, 0x0000000800000000)
  region size 8192K, 1 young (8192K), 1 survivors (8192K)
 Metaspace       used 160K, committed 384K, reserved 1114112K
  class space    used 6K, committed 128K, reserved 1048576K
}
Event: 0.458 GC heap before
{Heap before GC invocations=16 (full 0):
 garbage-first heap   total 2998272K, used 758861K [0x0000000580000000, 0x0000000800000000)
  region size 8192K, 21 young (172032K), 1 survivors (8192K)
 Metaspace       used 160K, committed 384K, reserved 1114112K
  class space    used 6K, committed 128K, reserved 1048576K
}
Event: 0.498 GC heap after
{Heap after GC invocations=17 (full 0):
 garbage-first heap   total 2998272K, used 758861K [0x0000000580000000, 0x0000000800000000)
  region size 8192K, 3 young (24576K), 3 survivors (24576K)
 Metaspace       used 160K, committed 384K, reserved 1114112K
  class space    used 6K, committed 128K, reserved 1048576K
}
Event: 0.895 GC heap before
{Heap before GC invocations=17 (full 0):
 garbage-first heap   total 2998272K, used 1086541K [0x0000000580000000, 0x0000000800000000)
  region size 8192K, 31 young (253952K), 3 survivors (24576K)
 Metaspace       used 175K, committed 384K, reserved 1114112K
  class space    used 8K, committed 128K, reserved 1048576K
}
Event: 0.988 GC heap after
{Heap after GC invocations=18 (full 0):
 garbage-first heap   total 2998272K, used 1087084K [0x0000000580000000, 0x0000000800000000)
  region size 8192K, 4 young (32768K), 4 survivors (32768K)
 Metaspace       used 175K, committed 384K, reserved 1114112K
  class space    used 8K, committed 128K, reserved 1048576K
}
Event: 1.175 GC heap before
{Heap before GC invocations=18 (full 0):
 garbage-first heap   total 2998272K, used 1300076K [0x0000000580000000, 0x0000000800000000)
  region size 8192K, 30 young (245760K), 4 survivors (32768K)
 Metaspace       used 175K, committed 384K, reserved 1114112K
  class space    used 8K, committed 128K, reserved 1048576K
}
Event: 1.243 GC heap after
{Heap after GC invocations=19 (full 0):
 garbage-first heap   total 2998272K, used 1310720K [0x0000000580000000, 0x0000000800000000)
  region size 8192K, 4 young (32768K), 4 survivors (32768K)
 Metaspace       used 175K, committed 384K, reserved 1114112K
  class space    used 8K, committed 128K, reserved 1048576K
}
Event: 1.450 GC heap before
{Heap before GC invocations=19 (full 0):
 garbage-first heap   total 2998272K, used 1499136K [0x0000000580000000, 0x0000000800000000)
  region size 8192K, 27 young (221184K), 4 survivors (32768K)
 Metaspace       used 175K, committed 384K, reserved 1114112K
  class space    used 8K, committed 128K, reserved 1048576K
}
Event: 1.523 GC heap after
{Heap after GC invocations=20 (full 0):
 garbage-first heap   total 2998272K, used 1523712K [0x0000000580000000, 0x0000000800000000)
  region size 8192K, 4 young (32768K), 4 survivors (32768K)
 Metaspace       used 175K, committed 384K, reserved 1114112K
  class space    used 8K, committed 128K, reserved 1048576K
}
Event: 1.703 GC heap before
{Heap before GC invocations=20 (full 0):
 garbage-first heap   total 2998272K, used 1712128K [0x0000000580000000, 0x0000000800000000)
  region size 8192K, 27 young (221184K), 4 survivors (32768K)
 Metaspace       used 175K, committed 384K, reserved 1114112K
  class space    used 8K, committed 128K, reserved 1048576K
}

