# JRE version: Java(TM) SE Runtime Environment (18.0.1.1+2) (build 18.0.1.1+2-6)
# Java VM: Java HotSpot(TM) 64-Bit Server VM (18.0.1.1+2-6, mixed mode, sharing, tiered, compressed oops, compressed class ptrs, g1 gc, windows-amd64)
GC Precious Log:
 CardTable entry size: 512
 Card Set container configuration: InlinePtr #cards 4 size 8 Array Of Cards #cards 64 size 144 Howl #buckets 8 coarsen threshold 14745 Howl Bitmap #cards 2048 size 272 coarsen threshold 1843 Card regions per heap region 1 cards per card region 16384
 CPUs: 8 total, 8 available
 Memory: 7834M
 Large Page Support: Disabled
 NUMA Support: Disabled
 Compressed Oops: Enabled (Zero based)
 Heap Region Size: 8M
 Heap Min Capacity: 8M
 Heap Initial Capacity: 128M
 Heap Max Capacity: 10G
 Pre-touch: Disabled
 Parallel Workers: 8
 Concurrent Workers: 2
 Concurrent Refinement Workers: 8
 Periodic GC: Disabled
Heap:
 garbage-first heap   total 3334144K, used 2423452K [0x0000000580000000, 0x0000000800000000)
  region size 8192K, 5 young (40960K), 5 survivors (40960K)
 Metaspace       used 195K, committed 384K, reserved 1114112K
  class space    used 12K, committed 128K, reserved 1048576K
GC Heap History (20 events):
Event: 0.234 GC heap after
{Heap after GC invocations=12 (full 0):
 garbage-first heap   total 819200K, used 457490K [0x0000000580000000, 0x0000000800000000)
  region size 8192K, 2 young (16384K), 2 survivors (16384K)
 Metaspace       used 179K, committed 384K, reserved 1114112K
  class space    used 10K, committed 128K, reserved 1048576K
}
Event: 0.237 GC heap before
{Heap before GC invocations=12 (full 0):
 garbage-first heap   total 819200K, used 523026K [0x0000000580000000, 0x0000000800000000)
  region size 8192K, 11 young (90112K), 2 survivors (16384K)
 Metaspace       used 179K, committed 384K, reserved 1114112K
  class space    used 10K, committed 128K, reserved 1048576K
}
Event: 0.253 GC heap after
{Heap after GC invocations=13 (full 0):
 garbage-first heap   total 819200K, used 531100K [0x0000000580000000, 0x0000000800000000)
  region size 8192K, 2 young (16384K), 2 survivors (16384K)
 Metaspace       used 179K, committed 384K, reserved 1114112K
  class space    used 10K, committed 128K, reserved 1048576K
}
Event: 0.263 GC heap before
{Heap before GC invocations=14 (full 0):
 garbage-first heap   total 958464K, used 580252K [0x0000000580000000, 0x0000000800000000)
  region size 8192K, 9 young (73728K), 2 survivors (16384K)
 Metaspace       used 179K, committed 384K, reserved 1114112K
  class space    used 10K, committed 128K, reserved 1048576K
}
Event: 0.278 GC heap after
{Heap after GC invocations=15 (full 0):
 garbage-first heap   total 958464K, used 588444K [0x0000000580000000, 0x0000000800000000)
  region size 8192K, 2 young (16384K), 2 survivors (16384K)
 Metaspace       used 179K, committed 384K, reserved 1114112K
  class space    used 10K, committed 128K, reserved 1048576K
}
Event: 0.295 GC heap before
{Heap before GC invocations=15 (full 0):
 garbage-first heap   total 958464K, used 653980K [0x0000000580000000, 0x0000000800000000)
  region size 8192K, 11 young (90112K), 2 survivors (16384K)
 Metaspace       used 179K, committed 384K, reserved 1114112K
  class space    used 10K, committed 128K, reserved 1048576K
}
Event: 0.318 GC heap after
{Heap after GC invocations=16 (full 0):
 garbage-first heap   total 2875392K, used 662172K [0x0000000580000000, 0x0000000800000000)
  region size 8192K, 2 young (16384K), 2 survivors (16384K)
 Metaspace       used 179K, committed 384K, reserved 1114112K
  class space    used 10K, committed 128K, reserved 1048576K
}
Event: 0.420 GC heap before
{Heap before GC invocations=17 (full 0):
 garbage-first heap   total 2244608K, used 916124K [0x0000000580000000, 0x0000000800000000)
  region size 8192K, 34 young (278528K), 2 survivors (16384K)
 Metaspace       used 179K, committed 384K, reserved 1114112K
  class space    used 10K, committed 128K, reserved 1048576K
}
Event: 0.458 GC heap after
{Heap after GC invocations=18 (full 0):
 garbage-first heap   total 2244608K, used 924095K [0x0000000580000000, 0x0000000800000000)
  region size 8192K, 5 young (40960K), 5 survivors (40960K)
 Metaspace       used 179K, committed 384K, reserved 1114112K
  class space    used 10K, committed 128K, reserved 1048576K
}
Event: 0.490 GC heap before
{Heap before GC invocations=18 (full 0):
 garbage-first heap   total 2244608K, used 1251775K [0x0000000580000000, 0x0000000800000000)
  region size 8192K, 45 young (368640K), 5 survivors (40960K)
 Metaspace       used 179K, committed 384K, reserved 1114112K
  class space    used 10K, committed 128K, reserved 1048576K
}
Event: 0.557 GC heap after
{Heap after GC invocations=19 (full 0):
 garbage-first heap   total 2244608K, used 1249431K [0x0000000580000000, 0x0000000800000000)
  region size 8192K, 6 young (49152K), 6 survivors (49152K)
 Metaspace       used 179K, committed 384K, reserved 1114112K
  class space    used 10K, committed 128K, reserved 1048576K
}
Event: 0.566 GC heap before
{Heap before GC invocations=19 (full 0):
 garbage-first heap   total 2244608K, used 1478807K [0x0000000580000000, 0x0000000800000000)
  region size 8192K, 34 young (278528K), 6 survivors (49152K)
 Metaspace       used 179K, committed 384K, reserved 1114112K
  class space    used 10K, committed 128K, reserved 1048576K
}
Event: 0.618 GC heap after
{Heap after GC invocations=20 (full 0):
 garbage-first heap   total 2244608K, used 1477166K [0x0000000580000000, 0x0000000800000000)
  region size 8192K, 5 young (40960K), 5 survivors (40960K)
 Metaspace       used 179K, committed 384K, reserved 1114112K
  class space    used 10K, committed 128K, reserved 1048576K
}
Event: 0.652 GC heap before
{Heap before GC invocations=21 (full 0):
 garbage-first heap   total 2613248K, used 1632814K [0x0000000580000000, 0x0000000800000000)
  region size 8192K, 24 young (196608K), 5 survivors (40960K)
 Metaspace       used 179K, committed 384K, reserved 1114112K
  class space    used 10K, committed 128K, reserved 1048576K
}
Event: 0.693 GC heap after
{Heap after GC invocations=22 (full 0):
 garbage-first heap   total 2613248K, used 1631700K [0x0000000580000000, 0x0000000800000000)
  region size 8192K, 3 young (24576K), 3 survivors (24576K)
 Metaspace       used 179K, committed 384K, reserved 1114112K
  class space    used 10K, committed 128K, reserved 1048576K
}
Event: 1.196 GC heap before
{Heap before GC invocations=22 (full 0):
 garbage-first heap   total 2613248K, used 1762772K [0x0000000580000000, 0x0000000800000000)
  region size 8192K, 20 young (163840K), 3 survivors (24576K)
 Metaspace       used 184K, committed 384K, reserved 1114112K
  class space    used 12K, committed 128K, reserved 1048576K
}
Event: 1.229 GC heap after
{Heap after GC invocations=23 (full 0):
 garbage-first heap   total 2613248K, used 1768561K [0x0000000580000000, 0x0000000800000000)
  region size 8192K, 4 young (32768K), 4 survivors (32768K)
 Metaspace       used 184K, committed 384K, reserved 1114112K
  class space    used 12K, committed 128K, reserved 1048576K
}
Event: 1.546 GC heap before
{Heap before GC invocations=24 (full 0):
 garbage-first heap   total 3334144K, used 2161777K [0x0000000580000000, 0x0000000800000000)
  region size 8192K, 25 young (204800K), 4 survivors (32768K)
 Metaspace       used 195K, committed 384K, reserved 1114112K
  class space    used 12K, committed 128K, reserved 1048576K
}
Event: 1.620 GC heap after
{Heap after GC invocations=25 (full 0):
 garbage-first heap   total 3334144K, used 2161692K [0x0000000580000000, 0x0000000800000000)
  region size 8192K, 4 young (32768K), 4 survivors (32768K)
 Metaspace       used 195K, committed 384K, reserved 1114112K
  class space    used 12K, committed 128K, reserved 1048576K
}
Event: 1.908 GC heap before
{Heap before GC invocations=25 (full 0):
 garbage-first heap   total 3334144K, used 2415644K [0x0000000580000000, 0x0000000800000000)
  region size 8192K, 35 young (286720K), 4 survivors (32768K)
 Metaspace       used 195K, committed 384K, reserved 1114112K
  class space    used 12K, committed 128K, reserved 1048576K
}

