# JRE version: Java(TM) SE Runtime Environment (18.0.1.1+2) (build 18.0.1.1+2-6)
# Java VM: Java HotSpot(TM) 64-Bit Server VM (18.0.1.1+2-6, mixed mode, sharing, tiered, compressed oops, compressed class ptrs, g1 gc, windows-amd64)
GC Precious Log:
 CardTable entry size: 512
 Card Set container configuration: InlinePtr #cards 4 size 8 Array Of Cards #cards 64 size 144 Howl #buckets 8 coarsen threshold 14745 Howl Bitmap #cards 2048 size 272 coarsen threshold 1843 Card regions per heap region 1 cards per card region 16384
 CPUs: 8 total, 8 available
 Memory: 7834M
 Large Page Support: Disabled
 NUMA Support: Disabled
 Compressed Oops: Enabled (Zero based)
 Heap Region Size: 8M
 Heap Min Capacity: 8M
 Heap Initial Capacity: 128M
 Heap Max Capacity: 10G
 Pre-touch: Disabled
 Parallel Workers: 8
 Concurrent Workers: 2
 Concurrent Refinement Workers: 8
 Periodic GC: Disabled
Heap:
 garbage-first heap   total 2949120K, used 2078745K [0x0000000580000000, 0x0000000800000000)
  region size 8192K, 2 young (16384K), 2 survivors (16384K)
 Metaspace       used 198K, committed 384K, reserved 1114112K
  class space    used 12K, committed 128K, reserved 1048576K
GC Heap History (20 events):
Event: 0.304 GC heap after
{Heap after GC invocations=12 (full 0):
 garbage-first heap   total 819200K, used 457461K [0x0000000580000000, 0x0000000800000000)
  region size 8192K, 2 young (16384K), 2 survivors (16384K)
 Metaspace       used 182K, committed 384K, reserved 1114112K
  class space    used 10K, committed 128K, reserved 1048576K
}
Event: 0.312 GC heap before
{Heap before GC invocations=12 (full 0):
 garbage-first heap   total 819200K, used 531189K [0x0000000580000000, 0x0000000800000000)
  region size 8192K, 11 young (90112K), 2 survivors (16384K)
 Metaspace       used 182K, committed 384K, reserved 1114112K
  class space    used 10K, committed 128K, reserved 1048576K
}
Event: 0.327 GC heap after
{Heap after GC invocations=13 (full 0):
 garbage-first heap   total 819200K, used 530750K [0x0000000580000000, 0x0000000800000000)
  region size 8192K, 2 young (16384K), 2 survivors (16384K)
 Metaspace       used 182K, committed 384K, reserved 1114112K
  class space    used 10K, committed 128K, reserved 1048576K
}
Event: 0.334 GC heap before
{Heap before GC invocations=14 (full 0):
 garbage-first heap   total 983040K, used 579902K [0x0000000580000000, 0x0000000800000000)
  region size 8192K, 9 young (73728K), 2 survivors (16384K)
 Metaspace       used 182K, committed 384K, reserved 1114112K
  class space    used 10K, committed 128K, reserved 1048576K
}
Event: 0.349 GC heap after
{Heap after GC invocations=15 (full 0):
 garbage-first heap   total 983040K, used 588045K [0x0000000580000000, 0x0000000800000000)
  region size 8192K, 2 young (16384K), 2 survivors (16384K)
 Metaspace       used 182K, committed 384K, reserved 1114112K
  class space    used 10K, committed 128K, reserved 1048576K
}
Event: 0.379 GC heap before
{Heap before GC invocations=15 (full 0):
 garbage-first heap   total 983040K, used 661773K [0x0000000580000000, 0x0000000800000000)
  region size 8192K, 12 young (98304K), 2 survivors (16384K)
 Metaspace       used 182K, committed 384K, reserved 1114112K
  class space    used 10K, committed 128K, reserved 1048576K
}
Event: 0.398 GC heap after
{Heap after GC invocations=16 (full 0):
 garbage-first heap   total 983040K, used 669818K [0x0000000580000000, 0x0000000800000000)
  region size 8192K, 2 young (16384K), 2 survivors (16384K)
 Metaspace       used 182K, committed 384K, reserved 1114112K
  class space    used 10K, committed 128K, reserved 1048576K
}
Event: 0.404 GC heap before
{Heap before GC invocations=16 (full 0):
 garbage-first heap   total 983040K, used 718970K [0x0000000580000000, 0x0000000800000000)
  region size 8192K, 9 young (73728K), 2 survivors (16384K)
 Metaspace       used 182K, committed 384K, reserved 1114112K
  class space    used 10K, committed 128K, reserved 1048576K
}
Event: 0.462 GC heap after
{Heap after GC invocations=17 (full 0):
 garbage-first heap   total 2949120K, used 727065K [0x0000000580000000, 0x0000000800000000)
  region size 8192K, 2 young (16384K), 2 survivors (16384K)
 Metaspace       used 182K, committed 384K, reserved 1114112K
  class space    used 10K, committed 128K, reserved 1048576K
}
Event: 0.575 GC heap before
{Heap before GC invocations=18 (full 0):
 garbage-first heap   total 2457600K, used 997401K [0x0000000580000000, 0x0000000800000000)
  region size 8192K, 36 young (294912K), 2 survivors (16384K)
 Metaspace       used 182K, committed 384K, reserved 1114112K
  class space    used 10K, committed 128K, reserved 1048576K
}
Event: 0.616 GC heap after
{Heap after GC invocations=19 (full 0):
 garbage-first heap   total 2457600K, used 1005167K [0x0000000580000000, 0x0000000800000000)
  region size 8192K, 5 young (40960K), 5 survivors (40960K)
 Metaspace       used 182K, committed 384K, reserved 1114112K
  class space    used 10K, committed 128K, reserved 1048576K
}
Event: 0.913 GC heap before
{Heap before GC invocations=19 (full 0):
 garbage-first heap   total 2457600K, used 1226351K [0x0000000580000000, 0x0000000800000000)
  region size 8192K, 33 young (270336K), 5 survivors (40960K)
 Metaspace       used 188K, committed 384K, reserved 1114112K
  class space    used 12K, committed 128K, reserved 1048576K
}
Event: 0.966 GC heap after
{Heap after GC invocations=20 (full 0):
 garbage-first heap   total 2457600K, used 1226875K [0x0000000580000000, 0x0000000800000000)
  region size 8192K, 7 young (57344K), 7 survivors (57344K)
 Metaspace       used 188K, committed 384K, reserved 1114112K
  class space    used 12K, committed 128K, reserved 1048576K
}
Event: 1.293 GC heap before
{Heap before GC invocations=21 (full 0):
 garbage-first heap   total 2457600K, used 1677435K [0x0000000580000000, 0x0000000800000000)
  region size 8192K, 43 young (352256K), 7 survivors (57344K)
 Metaspace       used 198K, committed 384K, reserved 1114112K
  class space    used 12K, committed 128K, reserved 1048576K
}
Event: 1.437 GC heap after
{Heap after GC invocations=22 (full 0):
 garbage-first heap   total 2457600K, used 1677254K [0x0000000580000000, 0x0000000800000000)
  region size 8192K, 6 young (49152K), 6 survivors (49152K)
 Metaspace       used 198K, committed 384K, reserved 1114112K
  class space    used 12K, committed 128K, reserved 1048576K
}
Event: 1.567 GC heap before
{Heap before GC invocations=22 (full 0):
 garbage-first heap   total 2457600K, used 1832902K [0x0000000580000000, 0x0000000800000000)
  region size 8192K, 25 young (204800K), 6 survivors (49152K)
 Metaspace       used 198K, committed 384K, reserved 1114112K
  class space    used 12K, committed 128K, reserved 1048576K
}
Event: 1.715 GC heap after
{Heap after GC invocations=23 (full 0):
 garbage-first heap   total 2457600K, used 1845273K [0x0000000580000000, 0x0000000800000000)
  region size 8192K, 4 young (32768K), 4 survivors (32768K)
 Metaspace       used 198K, committed 384K, reserved 1114112K
  class space    used 12K, committed 128K, reserved 1048576K
}
Event: 1.806 GC heap before
{Heap before GC invocations=23 (full 0):
 garbage-first heap   total 2457600K, used 1951769K [0x0000000580000000, 0x0000000800000000)
  region size 8192K, 17 young (139264K), 4 survivors (32768K)
 Metaspace       used 198K, committed 384K, reserved 1114112K
  class space    used 12K, committed 128K, reserved 1048576K
}
Event: 1.921 GC heap after
{Heap after GC invocations=24 (full 0):
 garbage-first heap   total 2457600K, used 1968153K [0x0000000580000000, 0x0000000800000000)
  region size 8192K, 3 young (24576K), 3 survivors (24576K)
 Metaspace       used 198K, committed 384K, reserved 1114112K
  class space    used 12K, committed 128K, reserved 1048576K
}
Event: 2.020 GC heap before
{Heap before GC invocations=24 (full 0):
 garbage-first heap   total 2457600K, used 2066457K [0x0000000580000000, 0x0000000800000000)
  region size 8192K, 15 young (122880K), 3 survivors (24576K)
 Metaspace       used 198K, committed 384K, reserved 1114112K
  class space    used 12K, committed 128K, reserved 1048576K
}

